<?xml version="1.0" encoding="UTF-8"?>
<testng-results skipped="0" failed="0" ignored="0" total="1" passed="1">
  <reporter-output>
  </reporter-output>
  <suite name="Default suite" duration-ms="23912" started-at="2019-05-18T11:03:35Z" finished-at="2019-05-18T11:03:59Z">
    <groups>
    </groups>
    <test name="Default test" duration-ms="23912" started-at="2019-05-18T11:03:35Z" finished-at="2019-05-18T11:03:59Z">
      <class name="TestNG.FirstTestNG">
        <test-method status="PASS" signature="beforeTest()[pri:0, instance:TestNG.FirstTestNG@77cd7a0]" name="beforeTest" is-config="true" duration-ms="6992" started-at="2019-05-18T11:03:35Z" finished-at="2019-05-18T11:03:42Z">
          <reporter-output>
          </reporter-output>
        </test-method> <!-- beforeTest -->
        <test-method status="PASS" signature="Hover()[pri:0, instance:TestNG.FirstTestNG@77cd7a0]" name="Hover" duration-ms="16687" started-at="2019-05-18T11:03:42Z" finished-at="2019-05-18T11:03:58Z">
          <reporter-output>
          </reporter-output>
        </test-method> <!-- Hover -->
        <test-method status="PASS" signature="afterTest()[pri:0, instance:TestNG.FirstTestNG@77cd7a0]" name="afterTest" is-config="true" duration-ms="214" started-at="2019-05-18T11:03:58Z" finished-at="2019-05-18T11:03:59Z">
          <reporter-output>
          </reporter-output>
        </test-method> <!-- afterTest -->
      </class> <!-- TestNG.FirstTestNG -->
    </test> <!-- Default test -->
  </suite> <!-- Default suite -->
</testng-results>
